<?xml version="1.0" encoding="utf-8"?><testsuites name="pytest tests"><testsuite name="pytest" errors="0" failures="1" skipped="0" tests="42" time="6.682" timestamp="2026-05-31T10:18:29.271737+00:00" hostname="agent-env-0559363c-9ebb-4584-b198-9dfec5cae560"><testcase classname="backend.tests.backend_test" name="test_health" time="0.303" /><testcase classname="backend.tests.backend_test" name="test_seed_idempotent" time="0.094" /><testcase classname="backend.tests.backend_test" name="test_request_and_verify_otp" time="0.092" /><testcase classname="backend.tests.backend_test" name="test_me_with_token" time="0.415" /><testcase classname="backend.tests.backend_test" name="test_me_without_token_401" time="0.042" /><testcase classname="backend.tests.backend_test" name="test_me_bad_token_401" time="0.042" /><testcase classname="backend.tests.backend_test" name="test_list_services" time="0.043" /><testcase classname="backend.tests.backend_test" name="test_fare_estimate_all_categories" time="0.046" /><testcase classname="backend.tests.backend_test" name="test_booking_persisted" time="0.091" /><testcase classname="backend.tests.backend_test" name="test_booking_role_403_for_driver" time="0.044" /><testcase classname="backend.tests.backend_test" name="test_driver_accept_and_complete" time="0.094" /><testcase classname="backend.tests.backend_test" name="test_driver_requests" time="0.048" /><testcase classname="backend.tests.backend_test" name="test_driver_earnings" time="0.048" /><testcase classname="backend.tests.backend_test" name="test_driver_kyc" time="0.045" /><testcase classname="backend.tests.backend_test" name="test_wallet_topup_persists" time="0.147" /><testcase classname="backend.tests.backend_test" name="test_wallet_topup_invalid_amount" time="0.043" /><testcase classname="backend.tests.backend_test" name="test_ai_chat_returns_reply" time="2.609"><failure message="AssertionError: AI chat error: Failed to generate chat completion: litellm.BadRequestError: OpenAIException - {'error': '/chat/completions: Invalid model name passed in model=gpt-5.4. Call `/v1/models` to view available models for your key.'}&#10;assert 'error' not in {'error': &quot;Failed to generate chat completion: litellm.BadRequestError: OpenAIException - {'error': '/chat/completions: Invalid model name passed in model=gpt-5.4. Call `/v1/models` to view available models for your key.'}&quot;, 'reply': 'Sorry, I had trouble responding. Try again.', 'session_id': '59aeeba8-1fbe-4e96-915d-450c54da4c33'}">backend/tests/backend_test.py:255: in test_ai_chat_returns_reply
    assert "error" not in body, f"AI chat error: {body.get('error')}"
E   AssertionError: AI chat error: Failed to generate chat completion: litellm.BadRequestError: OpenAIException - {'error': '/chat/completions: Invalid model name passed in model=gpt-5.4. Call `/v1/models` to view available models for your key.'}
E   assert 'error' not in {'error': "Failed to generate chat completion: litellm.BadRequestError: OpenAIException - {'error': '/chat/completions: Invalid model name passed in model=gpt-5.4. Call `/v1/models` to view available models for your key.'}", 'reply': 'Sorry, I had trouble responding. Try again.', 'session_id': '59aeeba8-1fbe-4e96-915d-450c54da4c33'}</failure></testcase><testcase classname="backend.tests.backend_test" name="test_ai_parse_booking" time="0.084" /><testcase classname="backend.tests.backend_test" name="test_admin_stats" time="0.051" /><testcase classname="backend.tests.backend_test" name="test_admin_users_filter_driver" time="0.046" /><testcase classname="backend.tests.backend_test" name="test_admin_bookings" time="0.046" /><testcase classname="backend.tests.backend_test" name="test_admin_promo_create_and_list" time="0.092" /><testcase classname="backend.tests.backend_test" name="test_admin_forbidden_for_customer" time="0.044" /><testcase classname="backend.tests.backend_test" name="test_fleet_add_vehicle_and_stats" time="0.090" /><testcase classname="backend.tests.backend_test" name="test_fleet_forbidden_for_driver" time="0.043" /><testcase classname="backend.tests.backend_test" name="test_bus_routes" time="0.055" /><testcase classname="backend.tests.backend_test" name="test_bus_route_seats_empty_or_list" time="0.045" /><testcase classname="backend.tests.backend_test" name="test_bus_book_success" time="0.091" /><testcase classname="backend.tests.backend_test" name="test_bus_book_deducted_wallet" time="0.045" /><testcase classname="backend.tests.backend_test" name="test_bus_book_duplicate_seat_409" time="0.044" /><testcase classname="backend.tests.backend_test" name="test_bus_book_insufficient_balance_402" time="0.135" /><testcase classname="backend.tests.backend_test" name="test_bus_route_seats_reflects_booking" time="0.048" /><testcase classname="backend.tests.backend_test" name="test_bus_my_bookings" time="0.256" /><testcase classname="backend.tests.backend_test" name="test_notifications_list_for_customer" time="0.051" /><testcase classname="backend.tests.backend_test" name="test_notifications_mark_all_read" time="0.104" /><testcase classname="backend.tests.backend_test" name="test_referral_get" time="0.044" /><testcase classname="backend.tests.backend_test" name="test_referral_self_referral_blocked" time="0.089" /><testcase classname="backend.tests.backend_test" name="test_referral_redeem_credits_both" time="0.406" /><testcase classname="backend.tests.backend_test" name="test_referral_invalid_code" time="0.130" /><testcase classname="backend.tests.backend_test" name="test_share_booking_public_safe" time="0.046" /><testcase classname="backend.tests.backend_test" name="test_share_booking_404" time="0.045" /><testcase classname="backend.tests.backend_test" name="test_booking_event_pushes_notification" time="0.145" /></testsuite></testsuites>