<?xml version="1.0" encoding="utf-8"?><testsuites name="pytest tests"><testsuite name="pytest" errors="0" failures="1" skipped="0" tests="25" time="2.274" timestamp="2026-05-31T09:44:04.566909+00:00" hostname="agent-env-0559363c-9ebb-4584-b198-9dfec5cae560"><testcase classname="backend.tests.backend_test" name="test_health" time="0.220" /><testcase classname="backend.tests.backend_test" name="test_seed_idempotent" time="0.098" /><testcase classname="backend.tests.backend_test" name="test_request_and_verify_otp" time="0.095" /><testcase classname="backend.tests.backend_test" name="test_me_with_token" time="0.422" /><testcase classname="backend.tests.backend_test" name="test_me_without_token_401" time="0.046" /><testcase classname="backend.tests.backend_test" name="test_me_bad_token_401" time="0.044" /><testcase classname="backend.tests.backend_test" name="test_list_services" time="0.044" /><testcase classname="backend.tests.backend_test" name="test_fare_estimate_all_categories" time="0.046" /><testcase classname="backend.tests.backend_test" name="test_booking_persisted" time="0.094" /><testcase classname="backend.tests.backend_test" name="test_booking_role_403_for_driver" time="0.046" /><testcase classname="backend.tests.backend_test" name="test_driver_accept_and_complete" time="0.107" /><testcase classname="backend.tests.backend_test" name="test_driver_requests" time="0.045" /><testcase classname="backend.tests.backend_test" name="test_driver_earnings" time="0.046" /><testcase classname="backend.tests.backend_test" name="test_driver_kyc" time="0.048" /><testcase classname="backend.tests.backend_test" name="test_wallet_topup_persists" time="0.137" /><testcase classname="backend.tests.backend_test" name="test_wallet_topup_invalid_amount" time="0.045" /><testcase classname="backend.tests.backend_test" name="test_ai_chat_returns_reply" time="0.047" /><testcase classname="backend.tests.backend_test" name="test_ai_parse_booking" time="0.045" /><testcase classname="backend.tests.backend_test" name="test_admin_stats" time="0.048" /><testcase classname="backend.tests.backend_test" name="test_admin_users_filter_driver" time="0.045" /><testcase classname="backend.tests.backend_test" name="test_admin_bookings" time="0.046" /><testcase classname="backend.tests.backend_test" name="test_admin_promo_create_and_list" time="0.056"><failure message="assert 500 == 200&#10; +  where 500 = &lt;Response [500]&gt;.status_code">backend/tests/backend_test.py:302: in test_admin_promo_create_and_list
    assert r.status_code == 200
E   assert 500 == 200
E    +  where 500 = &lt;Response [500]&gt;.status_code</failure></testcase><testcase classname="backend.tests.backend_test" name="test_admin_forbidden_for_customer" time="0.046" /><testcase classname="backend.tests.backend_test" name="test_fleet_add_vehicle_and_stats" time="0.103" /><testcase classname="backend.tests.backend_test" name="test_fleet_forbidden_for_driver" time="0.044" /></testsuite></testsuites>